
ec: system execution failed.
Following is the set of recorded exceptions:

******************************** Thread exception *****************************
In thread           Root thread            0x0 (thread id)
*******************************************************************************
-------------------------------------------------------------------------------
Class / Object      Routine                Nature of exception           Effect
-------------------------------------------------------------------------------
ISE_EXCEPTION_MANAGER
                    raise @9               Compiler error:
<0000018C9EFA4488>                         Developer exception.          Fail
-------------------------------------------------------------------------------
ISE_EXCEPTION_MANAGER
                    raise @9               
<0000018C9EFA4488>                         Routine failure.              Fail
-------------------------------------------------------------------------------
DEVELOPER_EXCEPTION raise @1                                            
<0000018C9EFA43D8>  (From EXCEPTION)       Routine failure.              Fail
-------------------------------------------------------------------------------
ERROR_HANDLER       raise @3                                            
<0000018CA0F33F18>  (From EXCEPTIONS)      Routine failure.              Fail
-------------------------------------------------------------------------------
ERROR_HANDLER       raise_error @2                                      
<0000018CA0F33F18>                         Routine failure.              Fail
-------------------------------------------------------------------------------
ERROR_HANDLER       checksum @2                                         
<0000018CA0F33F18>                         Routine failure.              Fail
-------------------------------------------------------------------------------
DEGREE_3            execute @40                                         
<0000018CA16FECB8>                         Routine failure.              Fail
-------------------------------------------------------------------------------
SYSTEM_I            process_degree_3 @2                                 
<0000018CA13BD348>                         Routine failure.              Rescue
-------------------------------------------------------------------------------
SYSTEM_I            do_recompilation @64                                
<0000018CA13BD348>                         Routine failure.              Fail
-------------------------------------------------------------------------------
SYSTEM_I            recompile @6                                        
<0000018CA13BD348>                         Routine failure.              Rescue
-------------------------------------------------------------------------------
WORKBENCH_I         recompile @23                                       
<0000018CA0ED3AA8>                         Routine failure.              Rescue
-------------------------------------------------------------------------------
~~~~~~~~~~~~~~~~~~~~~~~~~~~~~~~ entering level 1 ~~~~~~~~~~~~~~~~~~~~~~~~~~~~~~
-------------------------------------------------------------------------------
CONSOLE             put_new_line @1        FILE: unable to write CHARACTER value.:
<0000018CA1701A38>                         Runtime I/O error.            Fail
-------------------------------------------------------------------------------
CONSOLE             put_new_line @1                                     
<0000018CA1701A38>                         Routine failure.              Fail
-------------------------------------------------------------------------------
TERM_WINDOW         put_new_line @1                                     
<0000018CA0F33EE8>                         Routine failure.              Fail
-------------------------------------------------------------------------------
TERM_WINDOW         process_new_line @1                                 
<0000018CA0F33EE8>  (From OUTPUT_WINDOW)   Routine failure.              Fail
-------------------------------------------------------------------------------
TERM_WINDOW         add_new_line @1                                     
<0000018CA0F33EE8>  (From TEXT_FORMATTER)  Routine failure.              Fail
-------------------------------------------------------------------------------
DEFAULT_ERROR_DISPLAYER
                    trace_errors @10       
<0000018CA0F33F58>                         Routine failure.              Rescue
-------------------------------------------------------------------------------
DEFAULT_ERROR_DISPLAYER
                    trace @4               
<0000018CA0F33F58>                         Routine failure.              Fail
-------------------------------------------------------------------------------
ERROR_HANDLER       trace @2                                            
<0000018CA0F33F18>                         Routine failure.              Fail
-------------------------------------------------------------------------------
~~~~~~~~~~~~~~~~~~~~~~~~~~~~~~~ back to level 0 ~~~~~~~~~~~~~~~~~~~~~~~~~~~~~~~
-------------------------------------------------------------------------------
WORKBENCH_I         recompile @55                                       
<0000018CA0ED3AA8>                         Exception in rescue clause.   Fail
-------------------------------------------------------------------------------
E_PROJECT           melt @7                                             
<0000018CA0ED2E88>                         Routine failure.              Rescue
-------------------------------------------------------------------------------
E_PROJECT           quick_melt @3                                       
<0000018CA0ED2E88>                         Routine failure.              Fail
-------------------------------------------------------------------------------
EWB_QUICK_MELT      perform_compilation @1                              
<0000018CA0B82D18>                         Routine failure.              Fail
-------------------------------------------------------------------------------
EWB_QUICK_MELT      compile @3                                          
<0000018CA0B82D18>  (From EWB_COMP)        Routine failure.              Fail
-------------------------------------------------------------------------------
EWB_QUICK_MELT      execute @6                                          
<0000018CA0B82D18>  (From EWB_COMP)        Routine failure.              Fail
-------------------------------------------------------------------------------
ES_BATCH            execute @45                                         
<0000018CA02FA258>  (From ES)              Routine failure.              Rescue
-------------------------------------------------------------------------------
~~~~~~~~~~~~~~~~~~~~~~~~~~~~~~~ entering level 1 ~~~~~~~~~~~~~~~~~~~~~~~~~~~~~~
-------------------------------------------------------------------------------
CONSOLE             put_string @4          FILE: unable to write STRING object.:
<0000018CA1701A38>                         Runtime I/O error.            Fail
-------------------------------------------------------------------------------
CONSOLE             put_string @4                                       
<0000018CA1701A38>                         Routine failure.              Fail
-------------------------------------------------------------------------------
CONSOLE             put_string_general @17                              
<0000018CA1701A38>  (From PLAIN_TEXT_FILE) Routine failure.              Fail
-------------------------------------------------------------------------------
CONSOLE             put_string_32 @1                                    
<0000018CA1701A38>  (From PLAIN_TEXT_FILE) Routine failure.              Fail
-------------------------------------------------------------------------------
ES_BATCH            localized_print_error @4
<0000018CA02FA258>  (From LOCALIZED_PRINTER)
                                           Routine failure.              Fail
-------------------------------------------------------------------------------
~~~~~~~~~~~~~~~~~~~~~~~~~~~~~~~ back to level 0 ~~~~~~~~~~~~~~~~~~~~~~~~~~~~~~~
-------------------------------------------------------------------------------
ES_BATCH            execute @69                                         
<0000018CA02FA258>  (From ES)              Exception in rescue clause.   Fail
-------------------------------------------------------------------------------
ES_BATCH            make @13                                            
<0000018CA02FA258>  (From ES)              Routine failure.              Fail
-------------------------------------------------------------------------------
EB_KERNEL           make @5                                             
<0000018CA019B6E8>                         Routine failure.              Fail
-------------------------------------------------------------------------------
EB_KERNEL           root's creation                                     
<0000018CA019B6E8>                         Routine failure.              Exit
-------------------------------------------------------------------------------

ec: system execution failed.
Following is the set of recorded exceptions:

******************************** Thread exception *****************************
In thread           Root thread            0x0 (thread id)
*******************************************************************************
-------------------------------------------------------------------------------
Class / Object      Routine                Nature of exception           Effect
-------------------------------------------------------------------------------
ISE_EXCEPTION_MANAGER
                    raise @9               Compiler error:
<000001DF065E6CE8>                         Developer exception.          Fail
-------------------------------------------------------------------------------
ISE_EXCEPTION_MANAGER
                    raise @9               
<000001DF065E6CE8>                         Routine failure.              Fail
-------------------------------------------------------------------------------
DEVELOPER_EXCEPTION raise @1                                            
<000001DF065E6C38>  (From EXCEPTION)       Routine failure.              Fail
-------------------------------------------------------------------------------
ERROR_HANDLER       raise @3                                            
<000001DF083F4F18>  (From EXCEPTIONS)      Routine failure.              Fail
-------------------------------------------------------------------------------
ERROR_HANDLER       raise_error @2                                      
<000001DF083F4F18>                         Routine failure.              Fail
-------------------------------------------------------------------------------
ERROR_HANDLER       checksum @2                                         
<000001DF083F4F18>                         Routine failure.              Fail
-------------------------------------------------------------------------------
DEGREE_3            execute @40                                         
<000001DF063E05C8>                         Routine failure.              Fail
-------------------------------------------------------------------------------
SYSTEM_I            process_degree_3 @2                                 
<000001DF0887B348>                         Routine failure.              Rescue
-------------------------------------------------------------------------------
SYSTEM_I            do_recompilation @64                                
<000001DF0887B348>                         Routine failure.              Fail
-------------------------------------------------------------------------------
SYSTEM_I            recompile @6                                        
<000001DF0887B348>                         Routine failure.              Rescue
-------------------------------------------------------------------------------
WORKBENCH_I         recompile @23                                       
<000001DF08394AA8>                         Routine failure.              Rescue
-------------------------------------------------------------------------------
~~~~~~~~~~~~~~~~~~~~~~~~~~~~~~~ entering level 1 ~~~~~~~~~~~~~~~~~~~~~~~~~~~~~~
-------------------------------------------------------------------------------
CONSOLE             put_new_line @1        FILE: unable to write CHARACTER value.:
<000001DF08B10DB8>                         Runtime I/O error.            Fail
-------------------------------------------------------------------------------
CONSOLE             put_new_line @1                                     
<000001DF08B10DB8>                         Routine failure.              Fail
-------------------------------------------------------------------------------
TERM_WINDOW         put_new_line @1                                     
<000001DF083F4EE8>                         Routine failure.              Fail
-------------------------------------------------------------------------------
TERM_WINDOW         process_new_line @1                                 
<000001DF083F4EE8>  (From OUTPUT_WINDOW)   Routine failure.              Fail
-------------------------------------------------------------------------------
TERM_WINDOW         add_new_line @1                                     
<000001DF083F4EE8>  (From TEXT_FORMATTER)  Routine failure.              Fail
-------------------------------------------------------------------------------
DEFAULT_ERROR_DISPLAYER
                    trace_errors @10       
<000001DF083F4F58>                         Routine failure.              Rescue
-------------------------------------------------------------------------------
DEFAULT_ERROR_DISPLAYER
                    trace @4               
<000001DF083F4F58>                         Routine failure.              Fail
-------------------------------------------------------------------------------
ERROR_HANDLER       trace @2                                            
<000001DF083F4F18>                         Routine failure.              Fail
-------------------------------------------------------------------------------
~~~~~~~~~~~~~~~~~~~~~~~~~~~~~~~ back to level 0 ~~~~~~~~~~~~~~~~~~~~~~~~~~~~~~~
-------------------------------------------------------------------------------
WORKBENCH_I         recompile @55                                       
<000001DF08394AA8>                         Exception in rescue clause.   Fail
-------------------------------------------------------------------------------
E_PROJECT           melt @7                                             
<000001DF08393E88>                         Routine failure.              Rescue
-------------------------------------------------------------------------------
E_PROJECT           quick_melt @3                                       
<000001DF08393E88>                         Routine failure.              Fail
-------------------------------------------------------------------------------
EWB_QUICK_MELT      perform_compilation @1                              
<000001DF08043D18>                         Routine failure.              Fail
-------------------------------------------------------------------------------
EWB_QUICK_MELT      compile @3                                          
<000001DF08043D18>  (From EWB_COMP)        Routine failure.              Fail
-------------------------------------------------------------------------------
EWB_QUICK_MELT      execute @6                                          
<000001DF08043D18>  (From EWB_COMP)        Routine failure.              Fail
-------------------------------------------------------------------------------
ES_BATCH            execute @45                                         
<000001DF077D4258>  (From ES)              Routine failure.              Rescue
-------------------------------------------------------------------------------
~~~~~~~~~~~~~~~~~~~~~~~~~~~~~~~ entering level 1 ~~~~~~~~~~~~~~~~~~~~~~~~~~~~~~
-------------------------------------------------------------------------------
CONSOLE             put_string @4          FILE: unable to write STRING object.:
<000001DF08B10DB8>                         Runtime I/O error.            Fail
-------------------------------------------------------------------------------
CONSOLE             put_string @4                                       
<000001DF08B10DB8>                         Routine failure.              Fail
-------------------------------------------------------------------------------
CONSOLE             put_string_general @17                              
<000001DF08B10DB8>  (From PLAIN_TEXT_FILE) Routine failure.              Fail
-------------------------------------------------------------------------------
CONSOLE             put_string_32 @1                                    
<000001DF08B10DB8>  (From PLAIN_TEXT_FILE) Routine failure.              Fail
-------------------------------------------------------------------------------
ES_BATCH            localized_print_error @4
<000001DF077D4258>  (From LOCALIZED_PRINTER)
                                           Routine failure.              Fail
-------------------------------------------------------------------------------
~~~~~~~~~~~~~~~~~~~~~~~~~~~~~~~ back to level 0 ~~~~~~~~~~~~~~~~~~~~~~~~~~~~~~~
-------------------------------------------------------------------------------
ES_BATCH            execute @69                                         
<000001DF077D4258>  (From ES)              Exception in rescue clause.   Fail
-------------------------------------------------------------------------------
ES_BATCH            make @13                                            
<000001DF077D4258>  (From ES)              Routine failure.              Fail
-------------------------------------------------------------------------------
EB_KERNEL           make @5                                             
<000001DF076756E8>                         Routine failure.              Fail
-------------------------------------------------------------------------------
EB_KERNEL           root's creation                                     
<000001DF076756E8>                         Routine failure.              Exit
-------------------------------------------------------------------------------
